<?xml version="1.0" encoding="UTF-8"?>
<coverage generated="1775331640097" clover="3.2.0">
  <project timestamp="1775331640097" name="All files">
    <metrics statements="114" coveredstatements="96" conditionals="54" coveredconditionals="38" methods="44" coveredmethods="34" elements="212" coveredelements="168" complexity="0" loc="114" ncloc="114" packages="4" files="6" classes="6"/>
    <package name="api">
      <metrics statements="8" coveredstatements="8" conditionals="4" coveredconditionals="4" methods="4" coveredmethods="4"/>
      <file name="client.ts" path="/Users/calebdunn/Documents/Projects/kids_words/frontend/src/api/client.ts">
        <metrics statements="8" coveredstatements="8" conditionals="4" coveredconditionals="4" methods="4" coveredmethods="4"/>
        <line num="8" count="1" type="cond" truecount="2" falsecount="0"/>
        <line num="11" count="4" type="stmt"/>
        <line num="15" count="4" type="cond" truecount="2" falsecount="0"/>
        <line num="16" count="1" type="stmt"/>
        <line num="18" count="3" type="stmt"/>
        <line num="22" count="2" type="stmt"/>
        <line num="28" count="1" type="stmt"/>
        <line num="34" count="1" type="stmt"/>
      </file>
    </package>
    <package name="components">
      <metrics statements="73" coveredstatements="56" conditionals="34" coveredconditionals="21" methods="26" coveredmethods="19"/>
      <file name="CategoryList.tsx" path="/Users/calebdunn/Documents/Projects/kids_words/frontend/src/components/CategoryList.tsx">
        <metrics statements="18" coveredstatements="17" conditionals="4" coveredconditionals="4" methods="7" coveredmethods="6"/>
        <line num="7" count="11" type="stmt"/>
        <line num="8" count="11" type="stmt"/>
        <line num="9" count="11" type="stmt"/>
        <line num="10" count="11" type="stmt"/>
        <line num="12" count="11" type="stmt"/>
        <line num="13" count="6" type="stmt"/>
        <line num="15" count="4" type="stmt"/>
        <line num="16" count="4" type="stmt"/>
        <line num="19" count="1" type="stmt"/>
        <line num="20" count="1" type="stmt"/>
        <line num="24" count="11" type="cond" truecount="2" falsecount="0"/>
        <line num="25" count="6" type="stmt"/>
        <line num="37" count="5" type="cond" truecount="2" falsecount="0"/>
        <line num="38" count="1" type="stmt"/>
        <line num="44" count="0" type="stmt"/>
        <line num="52" count="4" type="stmt"/>
        <line num="58" count="6" type="stmt"/>
        <line num="61" count="1" type="stmt"/>
      </file>
      <file name="MatchRound.tsx" path="/Users/calebdunn/Documents/Projects/kids_words/frontend/src/components/MatchRound.tsx">
        <metrics statements="54" coveredstatements="38" conditionals="30" coveredconditionals="17" methods="18" coveredmethods="12"/>
        <line num="8" count="1" type="stmt"/>
        <line num="21" count="5" type="stmt"/>
        <line num="30" count="15" type="stmt"/>
        <line num="33" count="2" type="stmt"/>
        <line num="58" count="2" type="stmt"/>
        <line num="60" count="2" type="stmt"/>
        <line num="62" count="2" type="cond" truecount="1" falsecount="1"/>
        <line num="63" count="0" type="stmt"/>
        <line num="66" count="0" type="stmt"/>
        <line num="67" count="0" type="stmt"/>
        <line num="72" count="2" type="cond" truecount="1" falsecount="1"/>
        <line num="74" count="2" type="stmt"/>
        <line num="77" count="0" type="stmt"/>
        <line num="94" count="6" type="stmt"/>
        <line num="95" count="6" type="cond" truecount="2" falsecount="2"/>
        <line num="96" count="0" type="stmt"/>
        <line num="97" count="6" type="cond" truecount="2" falsecount="2"/>
        <line num="98" count="0" type="stmt"/>
        <line num="101" count="6" type="stmt"/>
        <line num="105" count="0" type="stmt"/>
        <line num="113" count="0" type="stmt"/>
        <line num="114" count="0" type="stmt"/>
        <line num="115" count="0" type="stmt"/>
        <line num="116" count="0" type="cond" truecount="0" falsecount="4"/>
        <line num="117" count="0" type="stmt"/>
        <line num="118" count="0" type="stmt"/>
        <line num="119" count="0" type="stmt"/>
        <line num="120" count="0" type="stmt"/>
        <line num="133" count="15" type="stmt"/>
        <line num="134" count="15" type="stmt"/>
        <line num="135" count="15" type="stmt"/>
        <line num="136" count="15" type="stmt"/>
        <line num="137" count="15" type="stmt"/>
        <line num="138" count="15" type="stmt"/>
        <line num="139" count="15" type="stmt"/>
        <line num="141" count="15" type="stmt"/>
        <line num="142" count="7" type="cond" truecount="1" falsecount="1"/>
        <line num="143" count="7" type="stmt"/>
        <line num="145" count="5" type="stmt"/>
        <line num="146" count="5" type="stmt"/>
        <line num="147" count="5" type="stmt"/>
        <line num="150" count="1" type="stmt"/>
        <line num="151" count="1" type="stmt"/>
        <line num="155" count="15" type="cond" truecount="2" falsecount="0"/>
        <line num="156" count="7" type="stmt"/>
        <line num="163" count="8" type="cond" truecount="4" falsecount="0"/>
        <line num="164" count="1" type="stmt"/>
        <line num="167" count="0" type="stmt"/>
        <line num="174" count="7" type="cond" truecount="2" falsecount="0"/>
        <line num="175" count="5" type="stmt"/>
        <line num="180" count="18" type="stmt"/>
        <line num="181" count="2" type="stmt"/>
        <line num="183" count="1" type="stmt"/>
        <line num="188" count="2" type="stmt"/>
      </file>
      <file name="RoundComplete.tsx" path="/Users/calebdunn/Documents/Projects/kids_words/frontend/src/components/RoundComplete.tsx">
        <metrics statements="1" coveredstatements="1" conditionals="0" coveredconditionals="0" methods="1" coveredmethods="1"/>
        <line num="12" count="4" type="stmt"/>
      </file>
    </package>
    <package name="hooks">
      <metrics statements="30" coveredstatements="29" conditionals="16" coveredconditionals="13" methods="14" coveredmethods="11"/>
      <file name="useRound.ts" path="/Users/calebdunn/Documents/Projects/kids_words/frontend/src/hooks/useRound.ts">
        <metrics statements="30" coveredstatements="29" conditionals="16" coveredconditionals="13" methods="14" coveredmethods="11"/>
        <line num="16" count="2" type="stmt"/>
        <line num="17" count="2" type="stmt"/>
        <line num="24" count="49" type="stmt"/>
        <line num="25" count="18" type="stmt"/>
        <line num="26" count="17" type="stmt"/>
        <line num="27" count="17" type="stmt"/>
        <line num="28" count="34" type="stmt"/>
        <line num="32" count="16" type="stmt"/>
        <line num="33" count="34" type="stmt"/>
        <line num="37" count="16" type="stmt"/>
        <line num="50" count="16" type="cond" truecount="2" falsecount="0"/>
        <line num="52" count="16" type="stmt"/>
        <line num="54" count="5" type="stmt"/>
        <line num="55" count="5" type="cond" truecount="1" falsecount="1"/>
        <line num="56" count="5" type="cond" truecount="1" falsecount="1"/>
        <line num="58" count="5" type="stmt"/>
        <line num="60" count="5" type="stmt"/>
        <line num="68" count="5" type="cond" truecount="1" falsecount="1"/>
        <line num="69" count="5" type="stmt"/>
        <line num="79" count="5" type="cond" truecount="2" falsecount="0"/>
        <line num="80" count="4" type="stmt"/>
        <line num="81" count="3" type="stmt"/>
        <line num="82" count="3" type="stmt"/>
        <line num="83" count="3" type="cond" truecount="2" falsecount="0"/>
        <line num="84" count="1" type="stmt"/>
        <line num="86" count="2" type="stmt"/>
        <line num="87" count="2" type="stmt"/>
        <line num="98" count="1" type="stmt"/>
        <line num="99" count="0" type="stmt"/>
        <line num="110" count="16" type="stmt"/>
      </file>
    </package>
    <package name="test">
      <metrics statements="3" coveredstatements="3" conditionals="0" coveredconditionals="0" methods="0" coveredmethods="0"/>
      <file name="mocks.ts" path="/Users/calebdunn/Documents/Projects/kids_words/frontend/src/test/mocks.ts">
        <metrics statements="3" coveredstatements="3" conditionals="0" coveredconditionals="0" methods="0" coveredmethods="0"/>
        <line num="3" count="3" type="stmt"/>
        <line num="22" count="3" type="stmt"/>
        <line num="31" count="3" type="stmt"/>
      </file>
    </package>
  </project>
</coverage>
