{"/Users/calebdunn/Documents/Projects/kids_words/frontend/src/api/client.ts": {"path":"/Users/calebdunn/Documents/Projects/kids_words/frontend/src/api/client.ts","statementMap":{"0":{"start":{"line":8,"column":17},"end":{"line":8,"column":null}},"1":{"start":{"line":11,"column":19},"end":{"line":14,"column":4}},"2":{"start":{"line":15,"column":2},"end":{"line":16,"column":null}},"3":{"start":{"line":16,"column":4},"end":{"line":16,"column":null}},"4":{"start":{"line":18,"column":2},"end":{"line":18,"column":null}},"5":{"start":{"line":22,"column":2},"end":{"line":22,"column":null}},"6":{"start":{"line":28,"column":2},"end":{"line":28,"column":null}},"7":{"start":{"line":34,"column":2},"end":{"line":37,"column":null}}},"fnMap":{"0":{"name":"fetchJson","decl":{"start":{"line":10,"column":15},"end":{"line":10,"column":28}},"loc":{"start":{"line":10,"column":73},"end":{"line":18,"column":null}},"line":10},"1":{"name":"getCategories","decl":{"start":{"line":21,"column":22},"end":{"line":21,"column":69}},"loc":{"start":{"line":21,"column":69},"end":{"line":22,"column":null}},"line":21},"2":{"name":"getCategoryWords","decl":{"start":{"line":25,"column":22},"end":{"line":25,"column":null}},"loc":{"start":{"line":27,"column":34},"end":{"line":28,"column":null}},"line":27},"3":{"name":"postResult","decl":{"start":{"line":31,"column":22},"end":{"line":31,"column":null}},"loc":{"start":{"line":33,"column":32},"end":{"line":37,"column":null}},"line":33}},"branchMap":{"0":{"loc":{"start":{"line":8,"column":17},"end":{"line":8,"column":null}},"type":"binary-expr","locations":[{"start":{"line":8,"column":17},"end":{"line":8,"column":49}},{"start":{"line":8,"column":49},"end":{"line":8,"column":null}}],"line":8},"1":{"loc":{"start":{"line":15,"column":2},"end":{"line":16,"column":null}},"type":"if","locations":[{"start":{"line":15,"column":2},"end":{"line":16,"column":null}},{"start":{},"end":{}}],"line":15}},"s":{"0":1,"1":4,"2":4,"3":1,"4":3,"5":2,"6":1,"7":1},"f":{"0":4,"1":2,"2":1,"3":1},"b":{"0":[1,1],"1":[1,3]},"meta":{"lastBranch":2,"lastFunction":4,"lastStatement":8,"seen":{"s:8:17:8:Infinity":0,"b:8:17:8:49:8:49:8:Infinity":0,"f:10:15:10:28":0,"s:11:19:14:4":1,"b:15:2:16:Infinity:undefined:undefined:undefined:undefined":1,"s:15:2:16:Infinity":2,"s:16:4:16:Infinity":3,"s:18:2:18:Infinity":4,"f:21:22:21:69":1,"s:22:2:22:Infinity":5,"f:25:22:25:Infinity":2,"s:28:2:28:Infinity":6,"f:31:22:31:Infinity":3,"s:34:2:37:Infinity":7}}}
,"/Users/calebdunn/Documents/Projects/kids_words/frontend/src/components/CategoryList.tsx": {"path":"/Users/calebdunn/Documents/Projects/kids_words/frontend/src/components/CategoryList.tsx","statementMap":{"0":{"start":{"line":7,"column":21},"end":{"line":7,"column":69}},"1":{"start":{"line":8,"column":18},"end":{"line":8,"column":46}},"2":{"start":{"line":9,"column":16},"end":{"line":9,"column":57}},"3":{"start":{"line":10,"column":8},"end":{"line":10,"column":32}},"4":{"start":{"line":12,"column":2},"end":{"line":22,"column":null}},"5":{"start":{"line":13,"column":4},"end":{"line":21,"column":null}},"6":{"start":{"line":15,"column":8},"end":{"line":15,"column":null}},"7":{"start":{"line":16,"column":8},"end":{"line":16,"column":null}},"8":{"start":{"line":19,"column":8},"end":{"line":19,"column":null}},"9":{"start":{"line":20,"column":8},"end":{"line":20,"column":null}},"10":{"start":{"line":24,"column":2},"end":{"line":31,"column":null}},"11":{"start":{"line":25,"column":4},"end":{"line":31,"column":null}},"12":{"start":{"line":37,"column":2},"end":{"line":47,"column":null}},"13":{"start":{"line":38,"column":4},"end":{"line":47,"column":null}},"14":{"start":{"line":44,"column":25},"end":{"line":44,"column":49}},"15":{"start":{"line":52,"column":2},"end":{"line":69,"column":null}},"16":{"start":{"line":58,"column":10},"end":{"line":67,"column":null}},"17":{"start":{"line":61,"column":27},"end":{"line":61,"column":56}}},"fnMap":{"0":{"name":"CategoryList","decl":{"start":{"line":6,"column":16},"end":{"line":6,"column":31}},"loc":{"start":{"line":6,"column":31},"end":{"line":69,"column":null}},"line":6},"1":{"name":"(anonymous_1)","decl":{"start":{"line":12,"column":2},"end":{"line":12,"column":18}},"loc":{"start":{"line":12,"column":18},"end":{"line":22,"column":7}},"line":12},"2":{"name":"(anonymous_2)","decl":{"start":{"line":14,"column":7},"end":{"line":14,"column":13}},"loc":{"start":{"line":14,"column":22},"end":{"line":17,"column":null}},"line":14},"3":{"name":"(anonymous_3)","decl":{"start":{"line":18,"column":7},"end":{"line":18,"column":19}},"loc":{"start":{"line":18,"column":19},"end":{"line":21,"column":null}},"line":18},"4":{"name":"(anonymous_4)","decl":{"start":{"line":44,"column":10},"end":{"line":44,"column":25}},"loc":{"start":{"line":44,"column":25},"end":{"line":44,"column":49}},"line":44},"5":{"name":"(anonymous_5)","decl":{"start":{"line":57,"column":20},"end":{"line":57,"column":25}},"loc":{"start":{"line":58,"column":10},"end":{"line":67,"column":null}},"line":58},"6":{"name":"(anonymous_6)","decl":{"start":{"line":61,"column":12},"end":{"line":61,"column":27}},"loc":{"start":{"line":61,"column":27},"end":{"line":61,"column":56}},"line":61}},"branchMap":{"0":{"loc":{"start":{"line":24,"column":2},"end":{"line":31,"column":null}},"type":"if","locations":[{"start":{"line":24,"column":2},"end":{"line":31,"column":null}},{"start":{},"end":{}}],"line":24},"1":{"loc":{"start":{"line":37,"column":2},"end":{"line":47,"column":null}},"type":"if","locations":[{"start":{"line":37,"column":2},"end":{"line":47,"column":null}},{"start":{},"end":{}}],"line":37}},"s":{"0":11,"1":11,"2":11,"3":11,"4":11,"5":6,"6":4,"7":4,"8":1,"9":1,"10":11,"11":6,"12":5,"13":1,"14":0,"15":4,"16":6,"17":1},"f":{"0":11,"1":6,"2":4,"3":1,"4":0,"5":6,"6":1},"b":{"0":[6,5],"1":[1,4]},"meta":{"lastBranch":2,"lastFunction":7,"lastStatement":18,"seen":{"f:6:16:6:31":0,"s:7:21:7:69":0,"s:8:18:8:46":1,"s:9:16:9:57":2,"s:10:8:10:32":3,"s:12:2:22:Infinity":4,"f:12:2:12:18":1,"s:13:4:21:Infinity":5,"f:14:7:14:13":2,"s:15:8:15:Infinity":6,"s:16:8:16:Infinity":7,"f:18:7:18:19":3,"s:19:8:19:Infinity":8,"s:20:8:20:Infinity":9,"b:24:2:31:Infinity:undefined:undefined:undefined:undefined":0,"s:24:2:31:Infinity":10,"s:25:4:31:Infinity":11,"b:37:2:47:Infinity:undefined:undefined:undefined:undefined":1,"s:37:2:47:Infinity":12,"s:38:4:47:Infinity":13,"f:44:10:44:25":4,"s:44:25:44:49":14,"s:52:2:69:Infinity":15,"f:57:20:57:25":5,"s:58:10:67:Infinity":16,"f:61:12:61:27":6,"s:61:27:61:56":17}}}
,"/Users/calebdunn/Documents/Projects/kids_words/frontend/src/components/MatchRound.tsx": {"path":"/Users/calebdunn/Documents/Projects/kids_words/frontend/src/components/MatchRound.tsx","statementMap":{"0":{"start":{"line":8,"column":21},"end":{"line":8,"column":null}},"1":{"start":{"line":21,"column":2},"end":{"line":39,"column":null}},"2":{"start":{"line":30,"column":10},"end":{"line":37,"column":null}},"3":{"start":{"line":33,"column":27},"end":{"line":33,"column":40}},"4":{"start":{"line":58,"column":4},"end":{"line":59,"column":21}},"5":{"start":{"line":60,"column":8},"end":{"line":60,"column":32}},"6":{"start":{"line":62,"column":2},"end":{"line":68,"column":null}},"7":{"start":{"line":63,"column":4},"end":{"line":68,"column":null}},"8":{"start":{"line":66,"column":27},"end":{"line":66,"column":51}},"9":{"start":{"line":67,"column":22},"end":{"line":67,"column":null}},"10":{"start":{"line":72,"column":2},"end":{"line":72,"column":null}},"11":{"start":{"line":72,"column":20},"end":{"line":72,"column":null}},"12":{"start":{"line":74,"column":2},"end":{"line":127,"column":null}},"13":{"start":{"line":77,"column":55},"end":{"line":77,"column":68}},"14":{"start":{"line":94,"column":26},"end":{"line":94,"column":null}},"15":{"start":{"line":95,"column":10},"end":{"line":98,"column":null}},"16":{"start":{"line":96,"column":12},"end":{"line":96,"column":null}},"17":{"start":{"line":97,"column":21},"end":{"line":98,"column":null}},"18":{"start":{"line":98,"column":12},"end":{"line":98,"column":null}},"19":{"start":{"line":101,"column":10},"end":{"line":124,"column":null}},"20":{"start":{"line":105,"column":29},"end":{"line":105,"column":49}},"21":{"start":{"line":113,"column":33},"end":{"line":113,"column":null}},"22":{"start":{"line":114,"column":18},"end":{"line":114,"column":null}},"23":{"start":{"line":115,"column":33},"end":{"line":115,"column":null}},"24":{"start":{"line":116,"column":18},"end":{"line":120,"column":null}},"25":{"start":{"line":117,"column":37},"end":{"line":117,"column":67}},"26":{"start":{"line":118,"column":20},"end":{"line":118,"column":null}},"27":{"start":{"line":119,"column":20},"end":{"line":119,"column":null}},"28":{"start":{"line":120,"column":20},"end":{"line":120,"column":null}},"29":{"start":{"line":133,"column":10},"end":{"line":133,"column":48}},"30":{"start":{"line":134,"column":19},"end":{"line":134,"column":54}},"31":{"start":{"line":135,"column":20},"end":{"line":135,"column":65}},"32":{"start":{"line":136,"column":19},"end":{"line":136,"column":71}},"33":{"start":{"line":137,"column":18},"end":{"line":137,"column":46}},"34":{"start":{"line":138,"column":16},"end":{"line":138,"column":57}},"35":{"start":{"line":139,"column":8},"end":{"line":139,"column":32}},"36":{"start":{"line":141,"column":2},"end":{"line":153,"column":null}},"37":{"start":{"line":142,"column":4},"end":{"line":142,"column":null}},"38":{"start":{"line":142,"column":15},"end":{"line":142,"column":null}},"39":{"start":{"line":143,"column":4},"end":{"line":152,"column":null}},"40":{"start":{"line":145,"column":8},"end":{"line":145,"column":null}},"41":{"start":{"line":146,"column":8},"end":{"line":146,"column":null}},"42":{"start":{"line":147,"column":8},"end":{"line":147,"column":null}},"43":{"start":{"line":150,"column":8},"end":{"line":150,"column":null}},"44":{"start":{"line":151,"column":8},"end":{"line":151,"column":null}},"45":{"start":{"line":155,"column":2},"end":{"line":159,"column":null}},"46":{"start":{"line":156,"column":4},"end":{"line":159,"column":null}},"47":{"start":{"line":163,"column":2},"end":{"line":169,"column":null}},"48":{"start":{"line":164,"column":4},"end":{"line":169,"column":null}},"49":{"start":{"line":167,"column":56},"end":{"line":167,"column":69}},"50":{"start":{"line":174,"column":2},"end":{"line":184,"column":null}},"51":{"start":{"line":175,"column":4},"end":{"line":184,"column":null}},"52":{"start":{"line":180,"column":27},"end":{"line":180,"column":72}},"53":{"start":{"line":180,"column":52},"end":{"line":180,"column":72}},"54":{"start":{"line":181,"column":10},"end":{"line":181,"column":null}},"55":{"start":{"line":183,"column":22},"end":{"line":183,"column":null}},"56":{"start":{"line":188,"column":2},"end":{"line":188,"column":null}}},"fnMap":{"0":{"name":"QuizLengthPicker","decl":{"start":{"line":10,"column":9},"end":{"line":10,"column":26}},"loc":{"start":{"line":20,"column":3},"end":{"line":39,"column":null}},"line":20},"1":{"name":"(anonymous_1)","decl":{"start":{"line":29,"column":22},"end":{"line":29,"column":27}},"loc":{"start":{"line":30,"column":10},"end":{"line":37,"column":null}},"line":30},"2":{"name":"(anonymous_2)","decl":{"start":{"line":33,"column":12},"end":{"line":33,"column":27}},"loc":{"start":{"line":33,"column":27},"end":{"line":33,"column":40}},"line":33},"3":{"name":"MatchGame","decl":{"start":{"line":44,"column":9},"end":{"line":44,"column":19}},"loc":{"start":{"line":50,"column":3},"end":{"line":127,"column":null}},"line":50},"4":{"name":"(anonymous_4)","decl":{"start":{"line":66,"column":8},"end":{"line":66,"column":27}},"loc":{"start":{"line":66,"column":27},"end":{"line":66,"column":51}},"line":66},"5":{"name":"(anonymous_5)","decl":{"start":{"line":67,"column":8},"end":{"line":67,"column":22}},"loc":{"start":{"line":67,"column":22},"end":{"line":67,"column":null}},"line":67},"6":{"name":"(anonymous_6)","decl":{"start":{"line":77,"column":40},"end":{"line":77,"column":55}},"loc":{"start":{"line":77,"column":55},"end":{"line":77,"column":68}},"line":77},"7":{"name":"(anonymous_7)","decl":{"start":{"line":93,"column":17},"end":{"line":93,"column":22}},"loc":{"start":{"line":93,"column":33},"end":{"line":124,"column":null}},"line":93},"8":{"name":"(anonymous_8)","decl":{"start":{"line":105,"column":14},"end":{"line":105,"column":29}},"loc":{"start":{"line":105,"column":29},"end":{"line":105,"column":49}},"line":105},"9":{"name":"(anonymous_9)","decl":{"start":{"line":112,"column":16},"end":{"line":112,"column":26}},"loc":{"start":{"line":112,"column":32},"end":{"line":120,"column":null}},"line":112},"10":{"name":"MatchRound","decl":{"start":{"line":132,"column":16},"end":{"line":132,"column":29}},"loc":{"start":{"line":132,"column":29},"end":{"line":188,"column":null}},"line":132},"11":{"name":"(anonymous_11)","decl":{"start":{"line":141,"column":2},"end":{"line":141,"column":18}},"loc":{"start":{"line":141,"column":18},"end":{"line":153,"column":6}},"line":141},"12":{"name":"(anonymous_12)","decl":{"start":{"line":144,"column":7},"end":{"line":144,"column":13}},"loc":{"start":{"line":144,"column":22},"end":{"line":148,"column":null}},"line":144},"13":{"name":"(anonymous_13)","decl":{"start":{"line":149,"column":7},"end":{"line":149,"column":19}},"loc":{"start":{"line":149,"column":19},"end":{"line":152,"column":null}},"line":149},"14":{"name":"(anonymous_14)","decl":{"start":{"line":167,"column":41},"end":{"line":167,"column":56}},"loc":{"start":{"line":167,"column":56},"end":{"line":167,"column":69}},"line":167},"15":{"name":"(anonymous_15)","decl":{"start":{"line":179,"column":8},"end":{"line":179,"column":17}},"loc":{"start":{"line":179,"column":27},"end":{"line":181,"column":null}},"line":179},"16":{"name":"(anonymous_16)","decl":{"start":{"line":180,"column":41},"end":{"line":180,"column":52}},"loc":{"start":{"line":180,"column":52},"end":{"line":180,"column":72}},"line":180},"17":{"name":"(anonymous_17)","decl":{"start":{"line":183,"column":8},"end":{"line":183,"column":22}},"loc":{"start":{"line":183,"column":22},"end":{"line":183,"column":null}},"line":183}},"branchMap":{"0":{"loc":{"start":{"line":62,"column":2},"end":{"line":68,"column":null}},"type":"if","locations":[{"start":{"line":62,"column":2},"end":{"line":68,"column":null}},{"start":{},"end":{}}],"line":62},"1":{"loc":{"start":{"line":72,"column":2},"end":{"line":72,"column":null}},"type":"if","locations":[{"start":{"line":72,"column":2},"end":{"line":72,"column":null}},{"start":{},"end":{}}],"line":72},"2":{"loc":{"start":{"line":87,"column":36},"end":{"line":87,"column":null}},"type":"cond-expr","locations":[{"start":{"line":87,"column":57},"end":{"line":87,"column":69}},{"start":{"line":87,"column":69},"end":{"line":87,"column":null}}],"line":87},"3":{"loc":{"start":{"line":95,"column":10},"end":{"line":98,"column":null}},"type":"if","locations":[{"start":{"line":95,"column":10},"end":{"line":98,"column":null}},{"start":{"line":97,"column":21},"end":{"line":98,"column":null}}],"line":95},"4":{"loc":{"start":{"line":95,"column":14},"end":{"line":95,"column":62}},"type":"binary-expr","locations":[{"start":{"line":95,"column":14},"end":{"line":95,"column":42}},{"start":{"line":95,"column":42},"end":{"line":95,"column":62}}],"line":95},"5":{"loc":{"start":{"line":97,"column":21},"end":{"line":98,"column":null}},"type":"if","locations":[{"start":{"line":97,"column":21},"end":{"line":98,"column":null}},{"start":{},"end":{}}],"line":97},"6":{"loc":{"start":{"line":97,"column":21},"end":{"line":97,"column":70}},"type":"binary-expr","locations":[{"start":{"line":97,"column":21},"end":{"line":97,"column":49}},{"start":{"line":97,"column":49},"end":{"line":97,"column":70}}],"line":97},"7":{"loc":{"start":{"line":116,"column":18},"end":{"line":120,"column":null}},"type":"if","locations":[{"start":{"line":116,"column":18},"end":{"line":120,"column":null}},{"start":{},"end":{}}],"line":116},"8":{"loc":{"start":{"line":116,"column":22},"end":{"line":116,"column":66}},"type":"binary-expr","locations":[{"start":{"line":116,"column":22},"end":{"line":116,"column":32}},{"start":{"line":116,"column":32},"end":{"line":116,"column":66}}],"line":116},"9":{"loc":{"start":{"line":142,"column":4},"end":{"line":142,"column":null}},"type":"if","locations":[{"start":{"line":142,"column":4},"end":{"line":142,"column":null}},{"start":{},"end":{}}],"line":142},"10":{"loc":{"start":{"line":155,"column":2},"end":{"line":159,"column":null}},"type":"if","locations":[{"start":{"line":155,"column":2},"end":{"line":159,"column":null}},{"start":{},"end":{}}],"line":155},"11":{"loc":{"start":{"line":163,"column":2},"end":{"line":169,"column":null}},"type":"if","locations":[{"start":{"line":163,"column":2},"end":{"line":169,"column":null}},{"start":{},"end":{}}],"line":163},"12":{"loc":{"start":{"line":163,"column":6},"end":{"line":163,"column":26}},"type":"binary-expr","locations":[{"start":{"line":163,"column":6},"end":{"line":163,"column":15}},{"start":{"line":163,"column":15},"end":{"line":163,"column":26}}],"line":163},"13":{"loc":{"start":{"line":166,"column":35},"end":{"line":166,"column":71}},"type":"binary-expr","locations":[{"start":{"line":166,"column":35},"end":{"line":166,"column":44}},{"start":{"line":166,"column":44},"end":{"line":166,"column":71}}],"line":166},"14":{"loc":{"start":{"line":174,"column":2},"end":{"line":184,"column":null}},"type":"if","locations":[{"start":{"line":174,"column":2},"end":{"line":184,"column":null}},{"start":{},"end":{}}],"line":174}},"s":{"0":1,"1":5,"2":15,"3":2,"4":2,"5":2,"6":2,"7":0,"8":0,"9":0,"10":2,"11":0,"12":2,"13":0,"14":6,"15":6,"16":0,"17":6,"18":0,"19":6,"20":0,"21":0,"22":0,"23":0,"24":0,"25":0,"26":0,"27":0,"28":0,"29":15,"30":15,"31":15,"32":15,"33":15,"34":15,"35":15,"36":15,"37":7,"38":0,"39":7,"40":5,"41":5,"42":5,"43":1,"44":1,"45":15,"46":7,"47":8,"48":1,"49":0,"50":7,"51":5,"52":2,"53":18,"54":2,"55":1,"56":2},"f":{"0":5,"1":15,"2":2,"3":2,"4":0,"5":0,"6":0,"7":6,"8":0,"9":0,"10":15,"11":7,"12":5,"13":1,"14":0,"15":2,"16":18,"17":1},"b":{"0":[0,2],"1":[0,2],"2":[0,2],"3":[0,6],"4":[6,0],"5":[0,6],"6":[6,0],"7":[0,0],"8":[0,0],"9":[0,7],"10":[7,8],"11":[1,7],"12":[8,7],"13":[1,0],"14":[5,2]},"meta":{"lastBranch":15,"lastFunction":18,"lastStatement":57,"seen":{"s:8:21:8:Infinity":0,"f:10:9:10:26":0,"s:21:2:39:Infinity":1,"f:29:22:29:27":1,"s:30:10:37:Infinity":2,"f:33:12:33:27":2,"s:33:27:33:40":3,"f:44:9:44:19":3,"s:58:4:59:21":4,"s:60:8:60:32":5,"b:62:2:68:Infinity:undefined:undefined:undefined:undefined":0,"s:62:2:68:Infinity":6,"s:63:4:68:Infinity":7,"f:66:8:66:27":4,"s:66:27:66:51":8,"f:67:8:67:22":5,"s:67:22:67:Infinity":9,"b:72:2:72:Infinity:undefined:undefined:undefined:undefined":1,"s:72:2:72:Infinity":10,"s:72:20:72:Infinity":11,"s:74:2:127:Infinity":12,"f:77:40:77:55":6,"s:77:55:77:68":13,"b:87:57:87:69:87:69:87:Infinity":2,"f:93:17:93:22":7,"s:94:26:94:Infinity":14,"b:95:10:98:Infinity:97:21:98:Infinity":3,"s:95:10:98:Infinity":15,"b:95:14:95:42:95:42:95:62":4,"s:96:12:96:Infinity":16,"b:97:21:98:Infinity:undefined:undefined:undefined:undefined":5,"s:97:21:98:Infinity":17,"b:97:21:97:49:97:49:97:70":6,"s:98:12:98:Infinity":18,"s:101:10:124:Infinity":19,"f:105:14:105:29":8,"s:105:29:105:49":20,"f:112:16:112:26":9,"s:113:33:113:Infinity":21,"s:114:18:114:Infinity":22,"s:115:33:115:Infinity":23,"b:116:18:120:Infinity:undefined:undefined:undefined:undefined":7,"s:116:18:120:Infinity":24,"b:116:22:116:32:116:32:116:66":8,"s:117:37:117:67":25,"s:118:20:118:Infinity":26,"s:119:20:119:Infinity":27,"s:120:20:120:Infinity":28,"f:132:16:132:29":10,"s:133:10:133:48":29,"s:134:19:134:54":30,"s:135:20:135:65":31,"s:136:19:136:71":32,"s:137:18:137:46":33,"s:138:16:138:57":34,"s:139:8:139:32":35,"s:141:2:153:Infinity":36,"f:141:2:141:18":11,"b:142:4:142:Infinity:undefined:undefined:undefined:undefined":9,"s:142:4:142:Infinity":37,"s:142:15:142:Infinity":38,"s:143:4:152:Infinity":39,"f:144:7:144:13":12,"s:145:8:145:Infinity":40,"s:146:8:146:Infinity":41,"s:147:8:147:Infinity":42,"f:149:7:149:19":13,"s:150:8:150:Infinity":43,"s:151:8:151:Infinity":44,"b:155:2:159:Infinity:undefined:undefined:undefined:undefined":10,"s:155:2:159:Infinity":45,"s:156:4:159:Infinity":46,"b:163:2:169:Infinity:undefined:undefined:undefined:undefined":11,"s:163:2:169:Infinity":47,"b:163:6:163:15:163:15:163:26":12,"s:164:4:169:Infinity":48,"b:166:35:166:44:166:44:166:71":13,"f:167:41:167:56":14,"s:167:56:167:69":49,"b:174:2:184:Infinity:undefined:undefined:undefined:undefined":14,"s:174:2:184:Infinity":50,"s:175:4:184:Infinity":51,"f:179:8:179:17":15,"s:180:27:180:72":52,"f:180:41:180:52":16,"s:180:52:180:72":53,"s:181:10:181:Infinity":54,"f:183:8:183:22":17,"s:183:22:183:Infinity":55,"s:188:2:188:Infinity":56}}}
,"/Users/calebdunn/Documents/Projects/kids_words/frontend/src/components/RoundComplete.tsx": {"path":"/Users/calebdunn/Documents/Projects/kids_words/frontend/src/components/RoundComplete.tsx","statementMap":{"0":{"start":{"line":12,"column":2},"end":{"line":27,"column":null}}},"fnMap":{"0":{"name":"RoundComplete","decl":{"start":{"line":7,"column":16},"end":{"line":7,"column":30}},"loc":{"start":{"line":11,"column":23},"end":{"line":27,"column":null}},"line":11}},"branchMap":{},"s":{"0":4},"f":{"0":4},"b":{},"meta":{"lastBranch":0,"lastFunction":1,"lastStatement":1,"seen":{"f:7:16:7:30":0,"s:12:2:27:Infinity":0}}}
,"/Users/calebdunn/Documents/Projects/kids_words/frontend/src/hooks/useRound.ts": {"path":"/Users/calebdunn/Documents/Projects/kids_words/frontend/src/hooks/useRound.ts","statementMap":{"0":{"start":{"line":16,"column":20},"end":{"line":16,"column":null}},"1":{"start":{"line":17,"column":22},"end":{"line":17,"column":null}},"2":{"start":{"line":24,"column":17},"end":{"line":24,"column":61}},"3":{"start":{"line":24,"column":37},"end":{"line":24,"column":61}},"4":{"start":{"line":25,"column":19},"end":{"line":25,"column":62}},"5":{"start":{"line":25,"column":42},"end":{"line":25,"column":62}},"6":{"start":{"line":26,"column":22},"end":{"line":26,"column":50}},"7":{"start":{"line":27,"column":18},"end":{"line":27,"column":47}},"8":{"start":{"line":28,"column":2},"end":{"line":28,"column":null}},"9":{"start":{"line":28,"column":28},"end":{"line":28,"column":48}},"10":{"start":{"line":32,"column":8},"end":{"line":34,"column":null}},"11":{"start":{"line":33,"column":10},"end":{"line":33,"column":52}},"12":{"start":{"line":33,"column":32},"end":{"line":33,"column":52}},"13":{"start":{"line":37,"column":16},"end":{"line":48,"column":4}},"14":{"start":{"line":50,"column":22},"end":{"line":50,"column":null}},"15":{"start":{"line":52,"column":8},"end":{"line":107,"column":null}},"16":{"start":{"line":54,"column":18},"end":{"line":54,"column":28}},"17":{"start":{"line":55,"column":6},"end":{"line":55,"column":null}},"18":{"start":{"line":55,"column":49},"end":{"line":55,"column":null}},"19":{"start":{"line":56,"column":6},"end":{"line":56,"column":null}},"20":{"start":{"line":56,"column":36},"end":{"line":56,"column":null}},"21":{"start":{"line":58,"column":22},"end":{"line":58,"column":null}},"22":{"start":{"line":60,"column":6},"end":{"line":66,"column":null}},"23":{"start":{"line":60,"column":26},"end":{"line":66,"column":9}},"24":{"start":{"line":68,"column":6},"end":{"line":76,"column":null}},"25":{"start":{"line":69,"column":8},"end":{"line":76,"column":null}},"26":{"start":{"line":79,"column":6},"end":{"line":104,"column":null}},"27":{"start":{"line":80,"column":8},"end":{"line":96,"column":null}},"28":{"start":{"line":81,"column":10},"end":{"line":95,"column":null}},"29":{"start":{"line":82,"column":30},"end":{"line":82,"column":null}},"30":{"start":{"line":83,"column":12},"end":{"line":84,"column":null}},"31":{"start":{"line":84,"column":14},"end":{"line":84,"column":null}},"32":{"start":{"line":86,"column":29},"end":{"line":86,"column":null}},"33":{"start":{"line":87,"column":12},"end":{"line":94,"column":null}},"34":{"start":{"line":98,"column":8},"end":{"line":104,"column":null}},"35":{"start":{"line":99,"column":10},"end":{"line":103,"column":null}},"36":{"start":{"line":99,"column":30},"end":{"line":103,"column":13}},"37":{"start":{"line":110,"column":2},"end":{"line":121,"column":null}}},"fnMap":{"0":{"name":"pickOptions","decl":{"start":{"line":19,"column":9},"end":{"line":19,"column":null}},"loc":{"start":{"line":23,"column":10},"end":{"line":28,"column":null}},"line":23},"1":{"name":"(anonymous_1)","decl":{"start":{"line":24,"column":23},"end":{"line":24,"column":31}},"loc":{"start":{"line":24,"column":37},"end":{"line":24,"column":61}},"line":24},"2":{"name":"(anonymous_2)","decl":{"start":{"line":25,"column":31},"end":{"line":25,"column":42}},"loc":{"start":{"line":25,"column":42},"end":{"line":25,"column":62}},"line":25},"3":{"name":"(anonymous_3)","decl":{"start":{"line":28,"column":17},"end":{"line":28,"column":28}},"loc":{"start":{"line":28,"column":28},"end":{"line":28,"column":48}},"line":28},"4":{"name":"useRound","decl":{"start":{"line":31,"column":16},"end":{"line":31,"column":25}},"loc":{"start":{"line":31,"column":40},"end":{"line":121,"column":null}},"line":31},"5":{"name":"(anonymous_5)","decl":{"start":{"line":32,"column":24},"end":{"line":32,"column":null}},"loc":{"start":{"line":33,"column":10},"end":{"line":33,"column":52}},"line":33},"6":{"name":"(anonymous_6)","decl":{"start":{"line":33,"column":21},"end":{"line":33,"column":32}},"loc":{"start":{"line":33,"column":32},"end":{"line":33,"column":52}},"line":33},"7":{"name":"(anonymous_7)","decl":{"start":{"line":53,"column":4},"end":{"line":53,"column":11}},"loc":{"start":{"line":53,"column":34},"end":{"line":107,"column":5}},"line":53},"8":{"name":"(anonymous_8)","decl":{"start":{"line":60,"column":6},"end":{"line":60,"column":16}},"loc":{"start":{"line":60,"column":26},"end":{"line":66,"column":9}},"line":60},"9":{"name":"(anonymous_9)","decl":{"start":{"line":74,"column":11},"end":{"line":74,"column":23}},"loc":{"start":{"line":74,"column":23},"end":{"line":76,"column":null}},"line":74},"10":{"name":"(anonymous_10)","decl":{"start":{"line":80,"column":8},"end":{"line":80,"column":25}},"loc":{"start":{"line":80,"column":25},"end":{"line":96,"column":16}},"line":80},"11":{"name":"(anonymous_11)","decl":{"start":{"line":81,"column":10},"end":{"line":81,"column":20}},"loc":{"start":{"line":81,"column":29},"end":{"line":95,"column":null}},"line":81},"12":{"name":"(anonymous_12)","decl":{"start":{"line":98,"column":8},"end":{"line":98,"column":25}},"loc":{"start":{"line":98,"column":25},"end":{"line":104,"column":15}},"line":98},"13":{"name":"(anonymous_13)","decl":{"start":{"line":99,"column":10},"end":{"line":99,"column":20}},"loc":{"start":{"line":99,"column":30},"end":{"line":103,"column":13}},"line":99}},"branchMap":{"0":{"loc":{"start":{"line":40,"column":13},"end":{"line":42,"column":10}},"type":"cond-expr","locations":[{"start":{"line":41,"column":8},"end":{"line":41,"column":67}},{"start":{"line":42,"column":8},"end":{"line":42,"column":10}}],"line":40},"1":{"loc":{"start":{"line":50,"column":22},"end":{"line":50,"column":null}},"type":"binary-expr","locations":[{"start":{"line":50,"column":22},"end":{"line":50,"column":57}},{"start":{"line":50,"column":57},"end":{"line":50,"column":null}}],"line":50},"2":{"loc":{"start":{"line":55,"column":6},"end":{"line":55,"column":null}},"type":"if","locations":[{"start":{"line":55,"column":6},"end":{"line":55,"column":null}},{"start":{},"end":{}}],"line":55},"3":{"loc":{"start":{"line":56,"column":6},"end":{"line":56,"column":null}},"type":"if","locations":[{"start":{"line":56,"column":6},"end":{"line":56,"column":null}},{"start":{},"end":{}}],"line":56},"4":{"loc":{"start":{"line":65,"column":23},"end":{"line":65,"column":null}},"type":"cond-expr","locations":[{"start":{"line":65,"column":33},"end":{"line":65,"column":54}},{"start":{"line":65,"column":54},"end":{"line":65,"column":null}}],"line":65},"5":{"loc":{"start":{"line":68,"column":6},"end":{"line":76,"column":null}},"type":"if","locations":[{"start":{"line":68,"column":6},"end":{"line":76,"column":null}},{"start":{},"end":{}}],"line":68},"6":{"loc":{"start":{"line":79,"column":6},"end":{"line":104,"column":null}},"type":"if","locations":[{"start":{"line":79,"column":6},"end":{"line":104,"column":null}},{"start":{"line":97,"column":13},"end":{"line":104,"column":null}}],"line":79},"7":{"loc":{"start":{"line":83,"column":12},"end":{"line":84,"column":null}},"type":"if","locations":[{"start":{"line":83,"column":12},"end":{"line":84,"column":null}},{"start":{},"end":{}}],"line":83}},"s":{"0":2,"1":2,"2":17,"3":49,"4":17,"5":18,"6":17,"7":17,"8":17,"9":34,"10":16,"11":12,"12":34,"13":16,"14":16,"15":16,"16":5,"17":5,"18":0,"19":5,"20":0,"21":5,"22":5,"23":5,"24":5,"25":5,"26":5,"27":4,"28":3,"29":3,"30":3,"31":1,"32":2,"33":2,"34":1,"35":0,"36":0,"37":16},"f":{"0":17,"1":49,"2":18,"3":34,"4":16,"5":12,"6":34,"7":5,"8":5,"9":0,"10":3,"11":3,"12":0,"13":0},"b":{"0":[15,1],"1":[16,1],"2":[0,5],"3":[0,5],"4":[4,1],"5":[5,0],"6":[4,1],"7":[1,2]},"meta":{"lastBranch":8,"lastFunction":14,"lastStatement":38,"seen":{"s:16:20:16:Infinity":0,"s:17:22:17:Infinity":1,"f:19:9:19:Infinity":0,"s:24:17:24:61":2,"f:24:23:24:31":1,"s:24:37:24:61":3,"s:25:19:25:62":4,"f:25:31:25:42":2,"s:25:42:25:62":5,"s:26:22:26:50":6,"s:27:18:27:47":7,"s:28:2:28:Infinity":8,"f:28:17:28:28":3,"s:28:28:28:48":9,"f:31:16:31:25":4,"s:32:8:34:Infinity":10,"f:32:24:32:Infinity":5,"s:33:10:33:52":11,"f:33:21:33:32":6,"s:33:32:33:52":12,"s:37:16:48:4":13,"b:41:8:41:67:42:8:42:10":0,"s:50:22:50:Infinity":14,"b:50:22:50:57:50:57:50:Infinity":1,"s:52:8:107:Infinity":15,"f:53:4:53:11":7,"s:54:18:54:28":16,"b:55:6:55:Infinity:undefined:undefined:undefined:undefined":2,"s:55:6:55:Infinity":17,"s:55:49:55:Infinity":18,"b:56:6:56:Infinity:undefined:undefined:undefined:undefined":3,"s:56:6:56:Infinity":19,"s:56:36:56:Infinity":20,"s:58:22:58:Infinity":21,"s:60:6:66:Infinity":22,"f:60:6:60:16":8,"s:60:26:66:9":23,"b:65:33:65:54:65:54:65:Infinity":4,"b:68:6:76:Infinity:undefined:undefined:undefined:undefined":5,"s:68:6:76:Infinity":24,"s:69:8:76:Infinity":25,"f:74:11:74:23":9,"b:79:6:104:Infinity:97:13:104:Infinity":6,"s:79:6:104:Infinity":26,"s:80:8:96:Infinity":27,"f:80:8:80:25":10,"s:81:10:95:Infinity":28,"f:81:10:81:20":11,"s:82:30:82:Infinity":29,"b:83:12:84:Infinity:undefined:undefined:undefined:undefined":7,"s:83:12:84:Infinity":30,"s:84:14:84:Infinity":31,"s:86:29:86:Infinity":32,"s:87:12:94:Infinity":33,"s:98:8:104:Infinity":34,"f:98:8:98:25":12,"s:99:10:103:Infinity":35,"f:99:10:99:20":13,"s:99:30:103:13":36,"s:110:2:121:Infinity":37}}}
,"/Users/calebdunn/Documents/Projects/kids_words/frontend/src/test/mocks.ts": {"path":"/Users/calebdunn/Documents/Projects/kids_words/frontend/src/test/mocks.ts","statementMap":{"0":{"start":{"line":3,"column":49},"end":{"line":19,"column":null}},"1":{"start":{"line":22,"column":33},"end":{"line":29,"column":null}},"2":{"start":{"line":31,"column":64},"end":{"line":34,"column":null}}},"fnMap":{},"branchMap":{},"s":{"0":3,"1":3,"2":3},"f":{},"b":{},"meta":{"lastBranch":0,"lastFunction":0,"lastStatement":3,"seen":{"s:3:49:19:Infinity":0,"s:22:33:29:Infinity":1,"s:31:64:34:Infinity":2}}}
}
